#
# There is insufficient memory for the Java Runtime Environment to continue.
# Native memory allocation (malloc) failed to allocate 32744 bytes for ChunkPool::allocate
# Possible reasons:
#   The system is out of physical RAM or swap space
#   In 32 bit mode, the process size limit was hit
# Possible solutions:
#   Reduce memory load on the system
#   Increase physical memory or swap space
#   Check if swap backing store is full
#   Use 64 bit Java on a 64 bit OS
#   Decrease Java heap size (-Xmx/-Xms)
#   Decrease number of Java threads
#   Decrease Java thread stack sizes (-Xss)
#   Set larger code cache with -XX:ReservedCodeCacheSize=
# This output file may be truncated or incomplete.
#
#  Out of Memory Error (allocation.cpp:273), pid=4088, tid=9124
#
# JRE version: Java(TM) SE Runtime Environment (8.0_45-b15) (build 1.8.0_45-b15)
# Java VM: Java HotSpot(TM) 64-Bit Server VM (25.45-b02 mixed mode windows-amd64 compressed oops)
# Failed to write core dump. Minidumps are not enabled by default on client versions of Windows
#

---------------  T H R E A D  ---------------

Current thread (0x0000000054f12800):  JavaThread "C1 CompilerThread1" daemon [_thread_in_native, id=9124, stack(0x0000000055ff0000,0x00000000560f0000)]

Stack: [0x0000000055ff0000,0x00000000560f0000]
Native frames: (J=compiled Java code, j=interpreted, Vv=VM code, C=native code)
V  [jvm.dll+0x32b57a]
V  [jvm.dll+0x279873]
V  [jvm.dll+0x27a509]
V  [jvm.dll+0x271825]
V  [jvm.dll+0xcb804]
V  [jvm.dll+0xcba27]
V  [jvm.dll+0xcbeac]
V  [jvm.dll+0x421529]
V  [jvm.dll+0x4272fe]
V  [jvm.dll+0x405e70]
V  [jvm.dll+0x406240]
V  [jvm.dll+0x406372]
V  [jvm.dll+0x406541]
V  [jvm.dll+0x40674f]
V  [jvm.dll+0xa4352]
V  [jvm.dll+0xa4c8f]
V  [jvm.dll+0x241984]
V  [jvm.dll+0x29853a]
C  [msvcr100.dll+0x21d9f]
C  [msvcr100.dll+0x21e3b]
C  [kernel32.dll+0x15a4d]
C  [ntdll.dll+0x2b831]


Current CompileTask:
C1:   8014  960       3       java.net.URLStreamHandler::parseURL (1158 bytes)


---------------  P R O C E S S  ---------------

Java Threads: ( => current thread )
  0x00000000562c9000 JavaThread "Timer-0" daemon [_thread_blocked, id=11796, stack(0x000000005b7c0000,0x000000005b8c0000)]
  0x00000000564b6800 JavaThread "D3D Screen Updater" daemon [_thread_blocked, id=11096, stack(0x000000005aeb0000,0x000000005afb0000)]
  0x00000000022ce000 JavaThread "DestroyJavaVM" [_thread_blocked, id=9384, stack(0x0000000002350000,0x0000000002450000)]
  0x00000000564ce000 JavaThread "AWT-EventQueue-0" [_thread_in_vm, id=12752, stack(0x0000000059da0000,0x0000000059ea0000)]
  0x000000005648a800 JavaThread "AWT-Windows" daemon [_thread_in_native, id=12520, stack(0x00000000573c0000,0x00000000574c0000)]
  0x000000005648f800 JavaThread "AWT-Shutdown" [_thread_blocked, id=9076, stack(0x0000000057760000,0x0000000057860000)]
  0x000000005648e800 JavaThread "Java2D Disposer" daemon [_thread_blocked, id=12200, stack(0x0000000057530000,0x0000000057630000)]
  0x0000000056108800 JavaThread "Service Thread" daemon [_thread_blocked, id=13148, stack(0x00000000565e0000,0x00000000566e0000)]
=>0x0000000054f12800 JavaThread "C1 CompilerThread1" daemon [_thread_in_native, id=9124, stack(0x0000000055ff0000,0x00000000560f0000)]
  0x0000000054f07000 JavaThread "C2 CompilerThread0" daemon [_thread_blocked, id=10876, stack(0x0000000055c30000,0x0000000055d30000)]
  0x0000000054f05800 JavaThread "Attach Listener" daemon [_thread_blocked, id=5272, stack(0x0000000055ef0000,0x0000000055ff0000)]
  0x0000000054f0d800 JavaThread "Signal Dispatcher" daemon [_thread_blocked, id=1480, stack(0x0000000055d50000,0x0000000055e50000)]
  0x0000000054ea6800 JavaThread "Finalizer" daemon [_thread_blocked, id=1152, stack(0x0000000055ab0000,0x0000000055bb0000)]
  0x0000000054ea5000 JavaThread "Reference Handler" daemon [_thread_blocked, id=4460, stack(0x0000000055970000,0x0000000055a70000)]

Other Threads:
  0x0000000054e9d000 VMThread [stack: 0x0000000055840000,0x0000000055940000] [id=4208]
  0x0000000054f6b800 WatcherThread [stack: 0x0000000057280000,0x0000000057380000] [id=12600]

VM state:synchronizing (normal execution)

VM Mutex/Monitor currently owned by a thread:  ([mutex/lock_event])
[0x00000000022cc450] Threads_lock - owner thread: 0x0000000054e9d000

Heap:
 PSYoungGen      total 18944K, used 11871K [0x00000000eab00000, 0x00000000ec000000, 0x0000000100000000)
  eden space 16384K, 72% used [0x00000000eab00000,0x00000000eb697f48,0x00000000ebb00000)
  from space 2560K, 0% used [0x00000000ebd80000,0x00000000ebd80000,0x00000000ec000000)
  to   space 2560K, 0% used [0x00000000ebb00000,0x00000000ebb00000,0x00000000ebd80000)
 ParOldGen       total 44032K, used 0K [0x00000000c0000000, 0x00000000c2b00000, 0x00000000eab00000)
  object space 44032K, 0% used [0x00000000c0000000,0x00000000c0000000,0x00000000c2b00000)
 Metaspace       used 12287K, capacity 12538K, committed 12672K, reserved 1060864K
  class space    used 1536K, capacity 1622K, committed 1664K, reserved 1048576K

Card table byte_map: [0x0000000011b80000,0x0000000011d90000] byte_map_base: 0x0000000011580000

Marking Bits: (ParMarkBitMap*) 0x0000000056f44040
 Begin Bits: [0x0000000012370000, 0x0000000013370000)
 End Bits:   [0x0000000013370000, 0x0000000014370000)

Polling page: 0x0000000000220000

CodeCache: size=245760Kb used=3493Kb max_used=3493Kb free=242266Kb
 bounds [0x00000000027c0000, 0x0000000002b30000, 0x00000000117c0000]
 total_blobs=1466 nmethods=958 adapters=422
 compilation: enabled

Compilation events (10 events):
Event: 7.025 Thread 0x0000000054f12800 nmethod 955 0x0000000002b27710 code [0x0000000002b27980, 0x0000000002b289e8]
Event: 7.025 Thread 0x0000000054f12800  956       3       java.util.zip.InflaterInputStream::ensureOpen (18 bytes)
Event: 7.026 Thread 0x0000000054f12800 nmethod 956 0x0000000002b29290 code [0x0000000002b29400, 0x0000000002b29648]
Event: 7.026 Thread 0x0000000054f12800  957  s    3       sun.misc.URLClassPath::getLookupCache (98 bytes)
Event: 7.026 Thread 0x0000000054f12800 nmethod 957 0x0000000002b29710 code [0x0000000002b298a0, 0x0000000002b29df8]
Event: 7.037 Thread 0x0000000054f12800  958       3       java.nio.HeapByteBuffer::ix (7 bytes)
Event: 7.037 Thread 0x0000000054f12800 nmethod 958 0x0000000002b29f50 code [0x0000000002b2a0a0, 0x0000000002b2a1f0]
Event: 7.037 Thread 0x0000000054f12800  959       3       sun.net.www.protocol.file.Handler::parseURL (18 bytes)
Event: 7.038 Thread 0x0000000054f12800 nmethod 959 0x0000000002b2a250 code [0x0000000002b2a3c0, 0x0000000002b2a638]
Event: 7.038 Thread 0x0000000054f12800  960       3       java.net.URLStreamHandler::parseURL (1158 bytes)

GC Heap History (0 events):
No events

Deoptimization events (10 events):
Event: 3.650 Thread 0x00000000564ce000 Uncommon trap: reason=unstable_if action=reinterpret pc=0x0000000002a4f604 method=java.awt.Component.inside(II)Z @ 1
Event: 4.202 Thread 0x00000000564ce000 Uncommon trap: reason=class_check action=maybe_recompile pc=0x0000000002958058 method=java.lang.String.equals(Ljava/lang/Object;)Z @ 8
Event: 4.202 Thread 0x00000000564ce000 Uncommon trap: reason=class_check action=maybe_recompile pc=0x0000000002958058 method=java.lang.String.equals(Ljava/lang/Object;)Z @ 8
Event: 4.202 Thread 0x00000000564ce000 Uncommon trap: reason=class_check action=maybe_recompile pc=0x0000000002958058 method=java.lang.String.equals(Ljava/lang/Object;)Z @ 8
Event: 5.003 Thread 0x00000000564ce000 Uncommon trap: reason=class_check action=maybe_recompile pc=0x0000000002958058 method=java.lang.String.equals(Ljava/lang/Object;)Z @ 8
Event: 6.093 Thread 0x00000000564ce000 Uncommon trap: reason=bimorphic action=maybe_recompile pc=0x0000000002acff98 method=java.util.HashMap.getNode(ILjava/lang/Object;)Ljava/util/HashMap$Node; @ 126
Event: 6.093 Thread 0x00000000564ce000 Uncommon trap: reason=bimorphic action=maybe_recompile pc=0x0000000002acff98 method=java.util.HashMap.getNode(ILjava/lang/Object;)Ljava/util/HashMap$Node; @ 126
Event: 6.121 Thread 0x00000000564ce000 Uncommon trap: reason=bimorphic action=maybe_recompile pc=0x0000000002acff98 method=java.util.HashMap.getNode(ILjava/lang/Object;)Ljava/util/HashMap$Node; @ 126
Event: 6.153 Thread 0x00000000564ce000 Uncommon trap: reason=bimorphic action=maybe_recompile pc=0x0000000002acff98 method=java.util.HashMap.getNode(ILjava/lang/Object;)Ljava/util/HashMap$Node; @ 126
Event: 6.684 Thread 0x00000000564ce000 Uncommon trap: reason=unstable_if action=reinterpret pc=0x0000000002aac60c method=java.security.AccessControlContext.combine([Ljava/security/ProtectionDomain;[Ljava/security/ProtectionDomain;)[Ljava/security/ProtectionDomain; @ 11

Internal exceptions (10 events):
Event: 0.379 Thread 0x00000000022ce000 Exception <a 'java/security/PrivilegedActionException'> (0x00000000eabd2948) thrown at [C:\re\workspace\8-2-build-windows-amd64-cygwin\jdk8u45\3627\hotspot\src\share\vm\prims\jvm.cpp, line 1382]
Event: 0.379 Thread 0x00000000022ce000 Exception <a 'java/security/PrivilegedActionException'> (0x00000000eabd2b00) thrown at [C:\re\workspace\8-2-build-windows-amd64-cygwin\jdk8u45\3627\hotspot\src\share\vm\prims\jvm.cpp, line 1382]
Event: 0.380 Thread 0x00000000022ce000 Exception <a 'java/security/PrivilegedActionException'> (0x00000000eabd65f8) thrown at [C:\re\workspace\8-2-build-windows-amd64-cygwin\jdk8u45\3627\hotspot\src\share\vm\prims\jvm.cpp, line 1382]
Event: 0.380 Thread 0x00000000022ce000 Exception <a 'java/security/PrivilegedActionException'> (0x00000000eabd67b0) thrown at [C:\re\workspace\8-2-build-windows-amd64-cygwin\jdk8u45\3627\hotspot\src\share\vm\prims\jvm.cpp, line 1382]
Event: 0.390 Thread 0x00000000022ce000 Exception <a 'java/io/FileNotFoundException'> (0x00000000eabd96a8) thrown at [C:\re\workspace\8-2-build-windows-amd64-cygwin\jdk8u45\3627\hotspot\src\share\vm\prims\jni.cpp, line 709]
Event: 0.460 Thread 0x00000000022ce000 Exception <a 'java/io/FileNotFoundException'> (0x00000000eac4b408) thrown at [C:\re\workspace\8-2-build-windows-amd64-cygwin\jdk8u45\3627\hotspot\src\share\vm\prims\jni.cpp, line 709]
Event: 0.585 Thread 0x00000000022ce000 Exception <a 'java/lang/NoSuchFieldError': method resolution failed> (0x00000000ead1f270) thrown at [C:\re\workspace\8-2-build-windows-amd64-cygwin\jdk8u45\3627\hotspot\src\share\vm\prims\methodHandles.cpp, line 1125]
Event: 0.604 Thread 0x00000000022ce000 Exception <a 'java/lang/NoSuchFieldError': method resolution failed> (0x00000000ead2dcb0) thrown at [C:\re\workspace\8-2-build-windows-amd64-cygwin\jdk8u45\3627\hotspot\src\share\vm\prims\methodHandles.cpp, line 1125]
Event: 0.963 Thread 0x00000000022ce000 Implicit null exception at 0x00000000029450cb to 0x000000000294527d
Event: 6.862 Thread 0x00000000564ce000 Exception <a 'java/lang/NoClassDefFoundError': org/apache/log4j/Category> (0x00000000eb50add0) thrown at [C:\re\workspace\8-2-build-windows-amd64-cygwin\jdk8u45\3627\hotspot\src\share\vm\classfile\systemDictionary.cpp, line 199]

Events (10 events):
Event: 7.030 loading class com/healthmarketscience/jackcess/impl/UnsupportedCodecException
Event: 7.030 loading class com/healthmarketscience/jackcess/impl/UnsupportedCodecException done
Event: 7.034 loading class com/healthmarketscience/jackcess/impl/DefaultCodecProvider$1
Event: 7.034 loading class com/healthmarketscience/jackcess/impl/DefaultCodecProvider$1 done
Event: 7.037 loading class com/healthmarketscience/jackcess/impl/UsageMap
Event: 7.037 loading class com/healthmarketscience/jackcess/impl/UsageMap done
Event: 7.040 loading class com/healthmarketscience/jackcess/impl/UsageMap$Handler
Event: 7.040 loading class com/healthmarketscience/jackcess/impl/UsageMap$Handler done
Event: 7.043 loading class com/healthmarketscience/jackcess/impl/UsageMap$ReferenceHandler
Event: 7.043 loading class com/healthmarketscience/jackcess/impl/UsageMap$ReferenceHandler done


Dynamic libraries:
0x000000013f120000 - 0x000000013f157000 	C:\Program Files\Java\jre1.8.0_45\bin\javaw.exe
0x00000000773c0000 - 0x0000000077569000 	C:\Windows\SYSTEM32\ntdll.dll
0x00000000771a0000 - 0x00000000772c0000 	C:\Windows\system32\kernel32.dll
0x000007fefd460000 - 0x000007fefd4cc000 	C:\Windows\system32\KERNELBASE.dll
0x000007feff250000 - 0x000007feff32b000 	C:\Windows\system32\ADVAPI32.dll
0x000007fefed50000 - 0x000007fefedef000 	C:\Windows\system32\msvcrt.dll
0x000007fefd570000 - 0x000007fefd58f000 	C:\Windows\SYSTEM32\sechost.dll
0x000007fefe320000 - 0x000007fefe44d000 	C:\Windows\system32\RPCRT4.dll
0x00000000772c0000 - 0x00000000773ba000 	C:\Windows\system32\USER32.dll
0x000007feff140000 - 0x000007feff1a7000 	C:\Windows\system32\GDI32.dll
0x000007feff130000 - 0x000007feff13e000 	C:\Windows\system32\LPK.dll
0x000007feff060000 - 0x000007feff129000 	C:\Windows\system32\USP10.dll
0x000007fefbcf0000 - 0x000007fefbee4000 	C:\Windows\WinSxS\amd64_microsoft.windows.common-controls_6595b64144ccf1df_6.0.7601.18837_none_fa3b1e3d17594757\COMCTL32.dll
0x000007fefe870000 - 0x000007fefe8e1000 	C:\Windows\system32\SHLWAPI.dll
0x000007fefe7c0000 - 0x000007fefe7ee000 	C:\Windows\system32\IMM32.DLL
0x000007fefebe0000 - 0x000007fefece9000 	C:\Windows\system32\MSCTF.dll
0x0000000056fd0000 - 0x00000000570a2000 	C:\Program Files\Java\jre1.8.0_45\bin\msvcr100.dll
0x0000000056740000 - 0x0000000056fc3000 	C:\Program Files\Java\jre1.8.0_45\bin\server\jvm.dll
0x000007fefa8d0000 - 0x000007fefa8d9000 	C:\Windows\system32\WSOCK32.dll
0x000007fefd520000 - 0x000007fefd56d000 	C:\Windows\system32\WS2_32.dll
0x000007fefe630000 - 0x000007fefe638000 	C:\Windows\system32\NSI.dll
0x000007fefb230000 - 0x000007fefb26b000 	C:\Windows\system32\WINMM.dll
0x000007fefc1e0000 - 0x000007fefc1ec000 	C:\Windows\system32\VERSION.dll
0x0000000077580000 - 0x0000000077587000 	C:\Windows\system32\PSAPI.DLL
0x00000000738b0000 - 0x00000000738bf000 	C:\Program Files\Java\jre1.8.0_45\bin\verify.dll
0x000000005f3d0000 - 0x000000005f3f9000 	C:\Program Files\Java\jre1.8.0_45\bin\java.dll
0x000000006f610000 - 0x000000006f626000 	C:\Program Files\Java\jre1.8.0_45\bin\zip.dll
0x000007fefd590000 - 0x000007fefe319000 	C:\Windows\system32\SHELL32.dll
0x000007feff330000 - 0x000007feff533000 	C:\Windows\system32\ole32.dll
0x000007fefd160000 - 0x000007fefd16f000 	C:\Windows\system32\profapi.dll
0x00000000570b0000 - 0x0000000057248000 	C:\Program Files\Java\jre1.8.0_45\bin\awt.dll
0x000007fefe6e0000 - 0x000007fefe7b7000 	C:\Windows\system32\OLEAUT32.dll
0x000007fefb050000 - 0x000007fefb068000 	C:\Windows\system32\DWMAPI.DLL
0x000007fefbb10000 - 0x000007fefbb66000 	C:\Windows\system32\uxtheme.dll
0x000007fefd000000 - 0x000007fefd00f000 	C:\Windows\system32\CRYPTBASE.dll
0x000007feec2e0000 - 0x000007feec4df000 	C:\Windows\system32\d3d9.dll
0x000007fefbcd0000 - 0x000007fefbcd7000 	C:\Windows\system32\d3d8thk.dll
0x000007fee8e90000 - 0x000007fee9d04000 	C:\Windows\system32\nvd3dumx.dll
0x000007fefb6c0000 - 0x000007fefb6ec000 	C:\Windows\system32\powrprof.dll
0x000007fefe450000 - 0x000007fefe627000 	C:\Windows\system32\SETUPAPI.dll
0x000007fefd280000 - 0x000007fefd2b6000 	C:\Windows\system32\CFGMGR32.dll
0x000007fefd1a0000 - 0x000007fefd1ba000 	C:\Windows\system32\DEVOBJ.dll
0x000007feed270000 - 0x000007feed3c8000 	C:\Program Files (x86)\NVIDIA Corporation\3D Vision\nvSCPAPI64.dll
0x0000000001d00000 - 0x0000000001d47000 	C:\Program Files\Java\jre1.8.0_45\bin\fontmanager.dll
0x000000006fc80000 - 0x000000006fc9a000 	C:\Program Files\Java\jre1.8.0_45\bin\net.dll
0x000007fefc940000 - 0x000007fefc995000 	C:\Windows\system32\mswsock.dll
0x000007fefc930000 - 0x000007fefc937000 	C:\Windows\System32\wship6.dll
0x00000000658e0000 - 0x00000000658f1000 	C:\Program Files\Java\jre1.8.0_45\bin\nio.dll
0x000000005f6d0000 - 0x000000005f711000 	C:\Program Files\Java\jre1.8.0_45\bin\t2k.dll
0x000007fefc9a0000 - 0x000007fefc9b8000 	C:\Windows\system32\CRYPTSP.dll
0x000007fefc6a0000 - 0x000007fefc6e7000 	C:\Windows\system32\rsaenh.dll
0x000007fefd430000 - 0x000007fefd44e000 	C:\Windows\system32\USERENV.dll
0x000007fefaca0000 - 0x000007fefacc7000 	C:\Windows\system32\IPHLPAPI.DLL
0x000007fefac90000 - 0x000007fefac9b000 	C:\Windows\system32\WINNSI.DLL
0x000007fefaa90000 - 0x000007fefaaa1000 	C:\Windows\system32\dhcpcsvc6.DLL
0x000007fefaa50000 - 0x000007fefaa68000 	C:\Windows\system32\dhcpcsvc.DLL
0x000007fef5ee0000 - 0x000007fef6005000 	C:\Windows\system32\dbghelp.dll

VM Arguments:
jvm_args: -Dfile.encoding=Cp1252 
java_command: eole.Accueil
java_class_path (initial): G:\2emeAnnee\PPE\Eole\PPE_Eole\Java\PPeEole\bin;G:\2emeAnnee\PPE\Eole\PPE_Eole\Java\PPeEole\jgoodies-forms-1.8.0.jar;G:\2emeAnnee\PPE\Eole\PPE_Eole\Java\PPeEole\commons-lang-2.6.jar;G:\2emeAnnee\PPE\Eole\PPE_Eole\Java\PPeEole\commons-logging-1.1.1.jar;G:\2emeAnnee\PPE\Eole\PPE_Eole\Java\PPeEole\hsqldb.jar;G:\2emeAnnee\PPE\Eole\PPE_Eole\Java\PPeEole\jackcess-2.1.2.jar;G:\2emeAnnee\PPE\Eole\PPE_Eole\Java\PPeEole\ucanaccess-3.0.2.jar;G:\2emeAnnee\PPE\Eole\PPE_Eole\Java\PPeEole\jgoodies-forms-1.8.0-sources.jar;G:\2emeAnnee\PPE\Eole\PPE_Eole\Java\PPeEole\jcalendar-1.4.jar
Launcher Type: SUN_STANDARD

Environment Variables:
PATH=C:\ProgramData\Oracle\Java\javapath;C:\Program Files (x86)\NVIDIA Corporation\PhysX\Common;C:\Program Files\Common Files\Microsoft Shared\Windows Live;C:\Program Files (x86)\Common Files\Microsoft Shared\Windows Live;C:\Windows\system32;C:\Windows;C:\Windows\System32\Wbem;C:\Windows\System32\WindowsPowerShell\v1.0\;C:\Program Files (x86)\Windows Live\Shared;C:\Program Files (x86)\Skype\Phone\;c:\Program Files (x86)\Microsoft SQL Server\110\Tools\Binn\;c:\Program Files\Microsoft SQL Server\110\Tools\Binn\;c:\Program Files\Microsoft SQL Server\110\DTS\Binn\;c:\Program Files (x86)\Microsoft SQL Server\110\Tools\Binn\ManagementStudio\;c:\Program Files (x86)\Microsoft SQL Server\110\DTS\Binn\;C:\Program Files (x86)\Omni-Bot
USERNAME=William
OS=Windows_NT
PROCESSOR_IDENTIFIER=AMD64 Family 16 Model 6 Stepping 2, AuthenticAMD



---------------  S Y S T E M  ---------------

OS: Windows 7 , 64 bit Build 7601 (6.1.7601.19045)

CPU:total 2 (2 cores per cpu, 1 threads per core) family 16 model 6 stepping 2, cmov, cx8, fxsr, mmx, sse, sse2, sse3, popcnt, mmxext, 3dnowpref, lzcnt, sse4a, tsc, tscinvbit, tscinv

Memory: 4k page, physical 4192696k(743528k free), swap 16768948k(3100k free)

vm_info: Java HotSpot(TM) 64-Bit Server VM (25.45-b02) for windows-amd64 JRE (1.8.0_45-b15), built on Apr 30 2015 12:40:44 by "java_re" with MS VC++ 10.0 (VS2010)

time: Sun Dec 06 16:35:04 2015
elapsed time: 8 seconds (0d 0h 0m 8s)

